<?xml version="1.0" encoding="UTF-8" ?>

<testsuite failures="0" time="0.745" errors="0" skipped="0" tests="1" name="PostTest">
  <testcase classname="PostTest" name="useCommentRelation" time="0.745">
      </testcase>
</testsuite>