<?xml version="1.0" encoding="UTF-8" ?>

<testsuite failures="0" time="0.52" errors="0" skipped="0" tests="1" name="PostTest">
  <testcase classname="PostTest" name="createPost" time="0.52">
      </testcase>
</testsuite>